<?xml version="1.0" encoding="UTF-8"?>
<testsuite xmlns:xsi="http://www.w3.org/2001/XMLSchema-instance" xsi:noNamespaceSchemaLocation="https://maven.apache.org/surefire/maven-surefire-plugin/xsd/surefire-test-report-3.0.xsd" version="3.0" name="TestSuite" time="177.136" tests="1" errors="0" skipped="0" failures="0">
  <properties>
[...]
</properties>
  <testcase name="changeAvatarScenario" classname="com.nexton.cloudapp.qa.test.TestDashboardPage" time="168.918">
    <system-out><![CDATA[/Users/u44992/IdeaProjects/NextonChallenge/NextonChallenge/src/test/java/com/nexton/cloudapp/qa/testResources/config.properties
/Users/u44992/IdeaProjects/NextonChallenge/NextonChallenge/src/test/java/com/nexton/cloudapp/qa/testResources/config.properties
/Users/u44992/IdeaProjects/NextonChallenge/NextonChallenge/src/test/java/com/nexton/cloudapp/qa/testResources/config.properties
Value: yes
Value: chrome
Using chromedriver 105.0.5195.52 (resolved driver for Chrome 105)
Exporting webdriver.chrome.driver as /Users/u44992/.cache/selenium/chromedriver/mac64/105.0.5195.52/chromedriver
Value: https://www.getcloudapp.com/
Password:  12345678@jJ
Value: yes
]]></system-out>
    <system-err><![CDATA[Starting ChromeDriver 105.0.5195.52 (412c95e518836d8a7d97250d62b29c2ae6a26a85-refs/branch-heads/5195@{#853}) on port 63312
Only local connections are allowed.
Please see https://chromedriver.chromium.org/security-considerations for suggestions on keeping ChromeDriver safe.
ChromeDriver was started successfully.
Sep 15, 2022 10:50:19 PM org.openqa.selenium.remote.ProtocolHandshake createSession
INFO: Detected upstream dialect: W3C
Sep 15, 2022 10:50:19 PM org.openqa.selenium.devtools.CdpVersionFinder findNearestMatch
WARNING: Unable to find an exact match for CDP version 105, so returning the closest version found: 104
Sep 15, 2022 10:50:19 PM org.openqa.selenium.devtools.CdpVersionFinder findNearestMatch
INFO: Found CDP implementation for version 105 of 104
ERROR StatusLogger Log4j2 could not find a logging implementation. Please add log4j-core to the classpath. Using SimpleLogger to log to the console...
]]></system-err>
  </testcase>
</testsuite>